<?xml version="1.0" encoding="UTF-8"?>
<!-- Generated by org.testng.reporters.JUnitReportReporter -->
<testsuite hostname="asus" failures="0" tests="1" name="PageObjectModel.LoginTest" time="2.283" errors="0" timestamp="2025-07-31T16:42:01 IST" skipped="0">
  <testcase classname="PageObjectModel.LoginTest" name="testLogin" time="2.283"/>
</testsuite> <!-- PageObjectModel.LoginTest -->
